ERROR:  role "root" does not exist
ERROR:  role "root" does not exist
ERROR:  role "root" does not exist
ERROR:  role "root" does not exist
ERROR:  role "root" does not exist
ERROR:  role "root" does not exist
ERROR:  role "root" does not exist
ERROR:  role "root" does not exist
ERROR:  role "root" does not exist
ERROR:  role "root" does not exist
ERROR:  role "root" does not exist
ERROR:  role "root" does not exist
ERROR:  role "root" does not exist
ERROR:  role "root" does not exist
ERROR:  role "root" does not exist
ERROR:  role "root" does not exist
ERROR:  role "root" does not exist
ERROR:  role "root" does not exist
ERROR:  role "root" does not exist
ERROR:  role "root" does not exist
ERROR:  role "root" does not exist
ERROR:  role "root" does not exist
ERROR:  role "root" does not exist
ERROR:  role "root" does not exist
ERROR:  role "root" does not exist
ERROR:  role "root" does not exist
ERROR:  role "root" does not exist
ERROR:  role "root" does not exist
ERROR:  role "root" does not exist
ERROR:  role "root" does not exist
ERROR:  role "root" does not exist
ERROR:  role "root" does not exist
ERROR:  role "root" does not exist
ERROR:  role "root" does not exist
ERROR:  role "root" does not exist
ERROR:  role "root" does not exist
ERROR:  role "root" does not exist
ERROR:  role "root" does not exist
ERROR:  role "root" does not exist
ERROR:  role "root" does not exist
ERROR:  role "root" does not exist
ERROR:  role "root" does not exist
ERROR:  role "root" does not exist
ERROR:  role "root" does not exist
ERROR:  role "root" does not exist
ERROR:  role "root" does not exist
ERROR:  role "root" does not exist
ERROR:  role "root" does not exist
ERROR:  role "root" does not exist
ERROR:  role "root" does not exist
ERROR:  role "root" does not exist
ERROR:  role "root" does not exist
ERROR:  role "root" does not exist
ERROR:  role "root" does not exist
ERROR:  role "root" does not exist
ERROR:  role "root" does not exist
ERROR:  role "root" does not exist
ERROR:  role "root" does not exist
ERROR:  role "root" does not exist
ERROR:  role "root" does not exist
ERROR:  role "root" does not exist
ERROR:  role "root" does not exist
ERROR:  role "root" does not exist
ERROR:  role "root" does not exist
ERROR:  role "root" does not exist
ERROR:  role "root" does not exist
ERROR:  role "root" does not exist
ERROR:  role "root" does not exist
ERROR:  role "root" does not exist
ERROR:  role "root" does not exist
ERROR:  role "root" does not exist
ERROR:  role "root" does not exist
ERROR:  role "root" does not exist
ERROR:  role "root" does not exist
ERROR:  role "root" does not exist
ERROR:  role "root" does not exist
ERROR:  role "root" does not exist
ERROR:  role "root" does not exist
ERROR:  role "root" does not exist
ERROR:  role "root" does not exist
ERROR:  role "root" does not exist
ERROR:  role "root" does not exist
ERROR:  role "root" does not exist
ERROR:  role "root" does not exist
ERROR:  role "root" does not exist
ERROR:  role "root" does not exist
ERROR:  role "root" does not exist
ERROR:  role "root" does not exist
ERROR:  role "root" does not exist
ERROR:  role "root" does not exist
ERROR:  role "root" does not exist
ERROR:  role "root" does not exist
ERROR:  role "root" does not exist
ERROR:  role "root" does not exist
ERROR:  role "root" does not exist
ERROR:  role "root" does not exist
ERROR:  role "root" does not exist
ERROR:  role "root" does not exist
ERROR:  role "root" does not exist
ERROR:  role "root" does not exist
ERROR:  role "root" does not exist
ERROR:  role "root" does not exist
ERROR:  role "root" does not exist
ERROR:  role "root" does not exist
ERROR:  role "root" does not exist
ERROR:  role "root" does not exist
ERROR:  role "root" does not exist
ERROR:  role "root" does not exist
ERROR:  role "root" does not exist
ERROR:  role "root" does not exist
ERROR:  role "root" does not exist
ERROR:  role "root" does not exist
ERROR:  role "root" does not exist
ERROR:  role "root" does not exist
ERROR:  role "root" does not exist
ERROR:  role "root" does not exist
ERROR:  role "root" does not exist
ERROR:  role "root" does not exist
ERROR:  role "root" does not exist
ERROR:  role "root" does not exist
ERROR:  role "root" does not exist
ERROR:  role "root" does not exist
ERROR:  role "root" does not exist
ERROR:  role "root" does not exist
ERROR:  role "root" does not exist
ERROR:  role "root" does not exist
ERROR:  role "root" does not exist
ERROR:  role "root" does not exist
ERROR:  role "root" does not exist
ERROR:  role "root" does not exist
ERROR:  role "root" does not exist
ERROR:  role "root" does not exist
ERROR:  role "root" does not exist
ERROR:  role "root" does not exist
ERROR:  role "root" does not exist
ERROR:  role "root" does not exist
ERROR:  role "root" does not exist
ERROR:  role "root" does not exist
ERROR:  role "root" does not exist
ERROR:  role "root" does not exist
ERROR:  role "root" does not exist
ERROR:  role "root" does not exist
ERROR:  role "root" does not exist
ERROR:  role "root" does not exist
ERROR:  role "root" does not exist
ERROR:  role "root" does not exist
ERROR:  role "root" does not exist
ERROR:  role "root" does not exist
ERROR:  role "root" does not exist
ERROR:  role "root" does not exist
ERROR:  role "root" does not exist
ERROR:  role "root" does not exist
ERROR:  role "root" does not exist
ERROR:  role "root" does not exist
ERROR:  role "root" does not exist
ERROR:  role "root" does not exist
ERROR:  role "root" does not exist
ERROR:  role "root" does not exist
ERROR:  role "root" does not exist
ERROR:  role "root" does not exist
ERROR:  role "root" does not exist
ERROR:  role "root" does not exist
ERROR:  role "root" does not exist
ERROR:  role "root" does not exist
ERROR:  role "root" does not exist
ERROR:  role "root" does not exist
ERROR:  role "root" does not exist
ERROR:  role "root" does not exist
ERROR:  role "root" does not exist
ERROR:  role "root" does not exist
ERROR:  role "root" does not exist
ERROR:  role "root" does not exist
ERROR:  role "root" does not exist
ERROR:  role "root" does not exist
ERROR:  role "root" does not exist
ERROR:  role "root" does not exist
ERROR:  role "root" does not exist
ERROR:  role "root" does not exist
ERROR:  role "root" does not exist
ERROR:  role "root" does not exist
ERROR:  role "root" does not exist
ERROR:  role "root" does not exist
ERROR:  role "root" does not exist
ERROR:  role "root" does not exist
ERROR:  role "root" does not exist
ERROR:  role "root" does not exist
ERROR:  role "root" does not exist
ERROR:  role "root" does not exist
ERROR:  role "root" does not exist
ERROR:  role "root" does not exist
ERROR:  role "root" does not exist
ERROR:  role "root" does not exist
ERROR:  role "root" does not exist
ERROR:  role "root" does not exist
ERROR:  role "root" does not exist
ERROR:  role "root" does not exist
ERROR:  role "root" does not exist
ERROR:  role "root" does not exist
ERROR:  role "root" does not exist
ERROR:  role "root" does not exist
ERROR:  role "root" does not exist
ERROR:  role "root" does not exist
ERROR:  role "root" does not exist
ERROR:  role "root" does not exist
ERROR:  role "root" does not exist
ERROR:  role "root" does not exist
ERROR:  role "root" does not exist
ERROR:  role "root" does not exist
ERROR:  role "root" does not exist
ERROR:  role "root" does not exist
ERROR:  role "root" does not exist
ERROR:  role "root" does not exist
ERROR:  role "root" does not exist
ERROR:  role "root" does not exist
ERROR:  role "root" does not exist
ERROR:  role "root" does not exist
ERROR:  role "root" does not exist
ERROR:  role "root" does not exist
ERROR:  role "root" does not exist
ERROR:  role "root" does not exist
ERROR:  role "root" does not exist
ERROR:  role "root" does not exist
ERROR:  role "root" does not exist
ERROR:  role "root" does not exist
ERROR:  role "root" does not exist
ERROR:  role "root" does not exist
ERROR:  role "root" does not exist
ERROR:  role "root" does not exist
ERROR:  role "root" does not exist
ERROR:  role "root" does not exist
ERROR:  role "root" does not exist
ERROR:  role "root" does not exist
ERROR:  role "root" does not exist
ERROR:  role "root" does not exist
ERROR:  role "root" does not exist
ERROR:  role "root" does not exist
ERROR:  role "root" does not exist
ERROR:  role "root" does not exist
ERROR:  role "root" does not exist
ERROR:  role "root" does not exist
ERROR:  role "root" does not exist
ERROR:  role "root" does not exist
ERROR:  role "root" does not exist
ERROR:  role "root" does not exist
ERROR:  role "root" does not exist
ERROR:  role "root" does not exist
ERROR:  role "root" does not exist
ERROR:  role "root" does not exist
ERROR:  role "root" does not exist
ERROR:  role "root" does not exist
ERROR:  role "root" does not exist
ERROR:  role "root" does not exist
ERROR:  role "root" does not exist
ERROR:  role "root" does not exist
ERROR:  role "root" does not exist
ERROR:  role "root" does not exist
ERROR:  role "root" does not exist
ERROR:  role "root" does not exist
ERROR:  role "root" does not exist
ERROR:  role "root" does not exist
ERROR:  role "root" does not exist
ERROR:  role "root" does not exist
ERROR:  role "root" does not exist
ERROR:  role "root" does not exist
ERROR:  role "root" does not exist
ERROR:  role "root" does not exist
ERROR:  role "root" does not exist
ERROR:  role "root" does not exist
ERROR:  role "root" does not exist
ERROR:  role "root" does not exist
ERROR:  role "root" does not exist
ERROR:  role "root" does not exist
ERROR:  role "root" does not exist
ERROR:  role "root" does not exist
ERROR:  role "root" does not exist
ERROR:  role "root" does not exist
ERROR:  role "root" does not exist
ERROR:  role "root" does not exist
ERROR:  role "root" does not exist
ERROR:  role "root" does not exist
ERROR:  role "root" does not exist
ERROR:  role "root" does not exist
ERROR:  role "root" does not exist
ERROR:  role "root" does not exist
ERROR:  role "root" does not exist
ERROR:  role "root" does not exist
ERROR:  role "root" does not exist
ERROR:  role "root" does not exist
ERROR:  role "root" does not exist
ERROR:  role "root" does not exist
ERROR:  role "root" does not exist
ERROR:  role "root" does not exist
ERROR:  role "root" does not exist
ERROR:  role "root" does not exist
ERROR:  role "root" does not exist
ERROR:  role "root" does not exist
ERROR:  role "root" does not exist
ERROR:  role "root" does not exist
ERROR:  role "root" does not exist
ERROR:  role "root" does not exist
ERROR:  role "root" does not exist
ERROR:  role "root" does not exist
ERROR:  role "root" does not exist
ERROR:  role "root" does not exist
ERROR:  role "root" does not exist
ERROR:  role "root" does not exist
ERROR:  role "root" does not exist
ERROR:  role "root" does not exist
ERROR:  role "root" does not exist
ERROR:  role "root" does not exist
ERROR:  role "root" does not exist
ERROR:  role "root" does not exist
ERROR:  role "root" does not exist
ERROR:  role "root" does not exist
ERROR:  role "root" does not exist
ERROR:  role "root" does not exist
ERROR:  role "root" does not exist
ERROR:  role "root" does not exist
ERROR:  role "root" does not exist
ERROR:  role "root" does not exist
ERROR:  role "root" does not exist
ERROR:  role "root" does not exist
ERROR:  role "root" does not exist
ERROR:  role "root" does not exist
ERROR:  role "root" does not exist
ERROR:  role "root" does not exist
ERROR:  role "root" does not exist
ERROR:  role "root" does not exist
ERROR:  role "root" does not exist
ERROR:  role "root" does not exist
ERROR:  role "root" does not exist
ERROR:  role "root" does not exist
ERROR:  role "root" does not exist
ERROR:  role "root" does not exist
ERROR:  role "root" does not exist
ERROR:  role "root" does not exist
ERROR:  role "root" does not exist
ERROR:  role "root" does not exist
ERROR:  role "root" does not exist
ERROR:  role "root" does not exist
ERROR:  role "root" does not exist
ERROR:  role "root" does not exist
ERROR:  role "root" does not exist
ERROR:  role "root" does not exist
ERROR:  role "root" does not exist
ERROR:  role "root" does not exist
ERROR:  role "root" does not exist
ERROR:  role "root" does not exist
ERROR:  role "root" does not exist
ERROR:  role "root" does not exist
ERROR:  role "root" does not exist
ERROR:  role "root" does not exist
ERROR:  role "root" does not exist
ERROR:  role "root" does not exist
ERROR:  role "root" does not exist
ERROR:  role "root" does not exist
ERROR:  role "root" does not exist
ERROR:  role "root" does not exist
ERROR:  role "root" does not exist
ERROR:  role "root" does not exist
ERROR:  role "root" does not exist
ERROR:  role "root" does not exist
ERROR:  role "root" does not exist
ERROR:  role "root" does not exist
ERROR:  role "root" does not exist
ERROR:  role "root" does not exist
ERROR:  role "root" does not exist
ERROR:  role "root" does not exist
ERROR:  role "root" does not exist
ERROR:  role "root" does not exist
ERROR:  role "root" does not exist
ERROR:  role "root" does not exist
ERROR:  role "root" does not exist
ERROR:  role "root" does not exist
ERROR:  role "root" does not exist
ERROR:  role "root" does not exist
ERROR:  role "root" does not exist
ERROR:  role "root" does not exist
ERROR:  role "root" does not exist
ERROR:  role "root" does not exist
ERROR:  role "root" does not exist
ERROR:  role "root" does not exist
ERROR:  role "root" does not exist
ERROR:  role "root" does not exist
ERROR:  role "root" does not exist
ERROR:  role "root" does not exist
ERROR:  role "root" does not exist
ERROR:  role "root" does not exist
ERROR:  role "root" does not exist
ERROR:  role "root" does not exist
ERROR:  role "root" does not exist
ERROR:  role "root" does not exist
ERROR:  role "root" does not exist
ERROR:  role "root" does not exist
ERROR:  role "root" does not exist
ERROR:  role "root" does not exist
ERROR:  role "root" does not exist
ERROR:  role "root" does not exist
ERROR:  role "root" does not exist
ERROR:  role "root" does not exist
ERROR:  role "root" does not exist
ERROR:  role "root" does not exist
ERROR:  role "root" does not exist
ERROR:  role "root" does not exist
ERROR:  role "root" does not exist
ERROR:  role "root" does not exist
ERROR:  role "root" does not exist
ERROR:  role "root" does not exist
ERROR:  role "root" does not exist
ERROR:  role "root" does not exist
ERROR:  role "root" does not exist
ERROR:  role "root" does not exist
ERROR:  role "root" does not exist
ERROR:  role "root" does not exist
ERROR:  role "root" does not exist
ERROR:  role "root" does not exist
ERROR:  role "root" does not exist
ERROR:  role "root" does not exist
ERROR:  role "root" does not exist
ERROR:  role "root" does not exist
ERROR:  role "root" does not exist
ERROR:  role "root" does not exist
ERROR:  role "root" does not exist
ERROR:  role "root" does not exist
ERROR:  role "root" does not exist
ERROR:  role "root" does not exist
ERROR:  role "root" does not exist
ERROR:  role "root" does not exist
ERROR:  role "root" does not exist
ERROR:  role "root" does not exist
ERROR:  role "root" does not exist
ERROR:  role "root" does not exist
ERROR:  role "root" does not exist
ERROR:  role "root" does not exist
ERROR:  role "root" does not exist
ERROR:  role "root" does not exist
ERROR:  role "root" does not exist
ERROR:  role "root" does not exist
ERROR:  role "root" does not exist
ERROR:  role "root" does not exist
ERROR:  role "root" does not exist
ERROR:  role "root" does not exist
ERROR:  role "root" does not exist
ERROR:  role "root" does not exist
ERROR:  role "root" does not exist
ERROR:  role "root" does not exist
ERROR:  role "root" does not exist
ERROR:  role "root" does not exist
ERROR:  role "root" does not exist
ERROR:  role "root" does not exist
ERROR:  role "root" does not exist
ERROR:  role "root" does not exist
ERROR:  role "root" does not exist
ERROR:  role "root" does not exist
ERROR:  role "root" does not exist
ERROR:  role "root" does not exist
ERROR:  role "root" does not exist
ERROR:  role "root" does not exist
ERROR:  role "root" does not exist
ERROR:  role "root" does not exist
ERROR:  role "root" does not exist
ERROR:  role "root" does not exist
ERROR:  role "root" does not exist
ERROR:  role "root" does not exist
ERROR:  role "root" does not exist
ERROR:  role "root" does not exist
ERROR:  role "root" does not exist
ERROR:  role "root" does not exist
ERROR:  role "root" does not exist
ERROR:  role "root" does not exist
ERROR:  role "root" does not exist
ERROR:  role "root" does not exist
ERROR:  role "root" does not exist
ERROR:  role "root" does not exist
ERROR:  role "root" does not exist
ERROR:  role "root" does not exist
ERROR:  role "root" does not exist
ERROR:  role "root" does not exist
ERROR:  role "root" does not exist
ERROR:  role "root" does not exist
ERROR:  role "root" does not exist
ERROR:  role "root" does not exist
ERROR:  role "root" does not exist
ERROR:  role "root" does not exist
ERROR:  role "root" does not exist
ERROR:  role "root" does not exist
ERROR:  role "root" does not exist
ERROR:  role "root" does not exist
ERROR:  role "root" does not exist
ERROR:  role "root" does not exist
ERROR:  role "root" does not exist
ERROR:  role "root" does not exist
ERROR:  role "root" does not exist
ERROR:  role "root" does not exist
ERROR:  role "root" does not exist
ERROR:  role "root" does not exist
ERROR:  role "root" does not exist
ERROR:  role "root" does not exist
ERROR:  role "root" does not exist
ERROR:  role "root" does not exist
ERROR:  role "root" does not exist
ERROR:  role "root" does not exist
ERROR:  role "root" does not exist
ERROR:  role "root" does not exist
ERROR:  role "root" does not exist
ERROR:  role "root" does not exist
ERROR:  role "root" does not exist
ERROR:  role "root" does not exist
ERROR:  role "root" does not exist
ERROR:  role "root" does not exist
ERROR:  role "root" does not exist
ERROR:  role "root" does not exist
ERROR:  role "root" does not exist
ERROR:  role "root" does not exist
ERROR:  role "root" does not exist
ERROR:  role "root" does not exist
ERROR:  role "root" does not exist
ERROR:  role "root" does not exist
ERROR:  role "root" does not exist
ERROR:  role "root" does not exist
ERROR:  role "root" does not exist
ERROR:  role "root" does not exist
ERROR:  role "root" does not exist
ERROR:  role "root" does not exist
ERROR:  role "root" does not exist
ERROR:  role "root" does not exist
ERROR:  role "root" does not exist
ERROR:  role "root" does not exist
ERROR:  role "root" does not exist
ERROR:  role "root" does not exist
ERROR:  role "root" does not exist
ERROR:  role "root" does not exist
ERROR:  role "root" does not exist
ERROR:  role "root" does not exist
ERROR:  role "root" does not exist
ERROR:  role "root" does not exist
ERROR:  role "root" does not exist
ERROR:  role "root" does not exist
ERROR:  role "root" does not exist
ERROR:  role "root" does not exist
ERROR:  role "root" does not exist
ERROR:  role "root" does not exist
ERROR:  role "root" does not exist
ERROR:  role "root" does not exist
ERROR:  role "root" does not exist
ERROR:  role "root" does not exist
ERROR:  role "root" does not exist
ERROR:  role "root" does not exist
ERROR:  role "root" does not exist
ERROR:  role "root" does not exist
ERROR:  role "root" does not exist
ERROR:  role "root" does not exist
ERROR:  role "root" does not exist
ERROR:  role "root" does not exist
ERROR:  role "root" does not exist
ERROR:  role "root" does not exist
ERROR:  role "root" does not exist
ERROR:  role "root" does not exist
ERROR:  role "root" does not exist
ERROR:  role "root" does not exist
ERROR:  role "root" does not exist
ERROR:  role "root" does not exist
ERROR:  role "root" does not exist
ERROR:  role "root" does not exist
ERROR:  role "root" does not exist
ERROR:  role "root" does not exist
ERROR:  role "root" does not exist
ERROR:  role "root" does not exist
ERROR:  role "root" does not exist
ERROR:  role "root" does not exist
ERROR:  role "root" does not exist
ERROR:  role "root" does not exist
ERROR:  role "root" does not exist
ERROR:  role "root" does not exist
ERROR:  role "root" does not exist
ERROR:  role "root" does not exist
ERROR:  role "root" does not exist
ERROR:  role "root" does not exist
ERROR:  role "root" does not exist
ERROR:  role "root" does not exist
ERROR:  role "root" does not exist
ERROR:  role "root" does not exist
ERROR:  role "root" does not exist
ERROR:  role "root" does not exist
ERROR:  role "root" does not exist
ERROR:  role "root" does not exist
ERROR:  role "root" does not exist
ERROR:  role "root" does not exist
ERROR:  role "root" does not exist
ERROR:  role "root" does not exist
ERROR:  role "root" does not exist
ERROR:  role "root" does not exist
ERROR:  role "root" does not exist
ERROR:  role "root" does not exist
ERROR:  role "root" does not exist
ERROR:  role "root" does not exist
ERROR:  role "root" does not exist
ERROR:  role "root" does not exist
ERROR:  role "root" does not exist
ERROR:  role "root" does not exist
ERROR:  role "root" does not exist
ERROR:  role "root" does not exist
ERROR:  role "root" does not exist
ERROR:  role "root" does not exist
ERROR:  role "root" does not exist
ERROR:  role "root" does not exist
ERROR:  role "root" does not exist
ERROR:  role "root" does not exist
ERROR:  role "root" does not exist
ERROR:  role "root" does not exist
ERROR:  role "root" does not exist
ERROR:  role "root" does not exist
ERROR:  role "root" does not exist
ERROR:  role "root" does not exist
ERROR:  role "root" does not exist
ERROR:  role "root" does not exist
ERROR:  role "root" does not exist
ERROR:  role "root" does not exist
ERROR:  role "root" does not exist
ERROR:  role "root" does not exist
ERROR:  role "root" does not exist
ERROR:  role "root" does not exist
ERROR:  role "root" does not exist
ERROR:  role "root" does not exist
ERROR:  role "root" does not exist
ERROR:  role "root" does not exist
ERROR:  role "root" does not exist
ERROR:  role "root" does not exist
ERROR:  role "root" does not exist
ERROR:  role "root" does not exist
ERROR:  role "root" does not exist
ERROR:  role "root" does not exist
ERROR:  role "root" does not exist
ERROR:  role "root" does not exist
ERROR:  role "root" does not exist
ERROR:  role "root" does not exist
ERROR:  role "root" does not exist
ERROR:  role "root" does not exist
ERROR:  role "root" does not exist
ERROR:  role "root" does not exist
ERROR:  role "root" does not exist
ERROR:  role "root" does not exist
ERROR:  role "root" does not exist
ERROR:  role "root" does not exist
ERROR:  role "root" does not exist
ERROR:  role "root" does not exist
ERROR:  role "root" does not exist
ERROR:  role "root" does not exist
ERROR:  role "root" does not exist
ERROR:  role "root" does not exist
ERROR:  role "root" does not exist
ERROR:  role "root" does not exist
ERROR:  role "root" does not exist
ERROR:  role "root" does not exist
ERROR:  role "root" does not exist
ERROR:  role "root" does not exist
ERROR:  role "root" does not exist
ERROR:  role "root" does not exist
ERROR:  role "root" does not exist
ERROR:  role "root" does not exist
ERROR:  role "root" does not exist
ERROR:  role "root" does not exist
ERROR:  role "root" does not exist
ERROR:  role "root" does not exist
ERROR:  role "root" does not exist
ERROR:  role "root" does not exist
ERROR:  role "root" does not exist
ERROR:  role "root" does not exist
ERROR:  role "root" does not exist
ERROR:  role "root" does not exist
ERROR:  role "root" does not exist
ERROR:  role "root" does not exist
ERROR:  role "root" does not exist
ERROR:  role "root" does not exist
ERROR:  role "root" does not exist
ERROR:  role "root" does not exist
ERROR:  role "root" does not exist
ERROR:  role "root" does not exist
ERROR:  role "root" does not exist
ERROR:  role "root" does not exist
ERROR:  role "root" does not exist
ERROR:  role "root" does not exist
ERROR:  role "root" does not exist
ERROR:  role "root" does not exist
ERROR:  role "root" does not exist
ERROR:  role "root" does not exist
ERROR:  role "root" does not exist
ERROR:  role "root" does not exist
ERROR:  role "root" does not exist
ERROR:  role "root" does not exist
ERROR:  role "root" does not exist
ERROR:  role "root" does not exist
ERROR:  role "root" does not exist
ERROR:  role "root" does not exist
ERROR:  role "root" does not exist
ERROR:  role "root" does not exist
ERROR:  role "root" does not exist
ERROR:  role "root" does not exist
ERROR:  role "root" does not exist
ERROR:  role "root" does not exist
ERROR:  role "root" does not exist
ERROR:  role "root" does not exist
ERROR:  role "root" does not exist
ERROR:  role "root" does not exist
ERROR:  role "root" does not exist
ERROR:  role "root" does not exist
ERROR:  role "root" does not exist
ERROR:  role "root" does not exist
ERROR:  role "root" does not exist
ERROR:  role "root" does not exist
ERROR:  role "root" does not exist
ERROR:  role "root" does not exist
ERROR:  role "root" does not exist
ERROR:  role "root" does not exist
ERROR:  role "root" does not exist
ERROR:  role "root" does not exist
ERROR:  role "root" does not exist
ERROR:  role "root" does not exist
ERROR:  role "root" does not exist
ERROR:  role "root" does not exist
ERROR:  role "root" does not exist
ERROR:  role "root" does not exist
ERROR:  role "root" does not exist
ERROR:  role "root" does not exist
ERROR:  role "root" does not exist
ERROR:  role "root" does not exist
ERROR:  role "root" does not exist
ERROR:  role "root" does not exist
ERROR:  role "root" does not exist
ERROR:  role "root" does not exist
ERROR:  role "root" does not exist
ERROR:  role "root" does not exist
ERROR:  role "root" does not exist
ERROR:  role "root" does not exist
ERROR:  role "root" does not exist
ERROR:  role "root" does not exist
ERROR:  role "root" does not exist
ERROR:  role "root" does not exist
ERROR:  role "root" does not exist
ERROR:  role "root" does not exist
ERROR:  role "root" does not exist
ERROR:  role "root" does not exist
ERROR:  role "root" does not exist
ERROR:  role "root" does not exist
ERROR:  role "root" does not exist
ERROR:  role "root" does not exist
ERROR:  role "root" does not exist
ERROR:  role "root" does not exist
ERROR:  role "root" does not exist
ERROR:  role "root" does not exist
ERROR:  role "root" does not exist
ERROR:  role "root" does not exist
ERROR:  role "root" does not exist
ERROR:  role "root" does not exist
ERROR:  role "root" does not exist
ERROR:  role "root" does not exist
ERROR:  role "root" does not exist
ERROR:  role "root" does not exist
ERROR:  role "root" does not exist
ERROR:  role "root" does not exist
ERROR:  role "root" does not exist
ERROR:  role "root" does not exist
ERROR:  role "root" does not exist
ERROR:  role "root" does not exist
ERROR:  role "root" does not exist
ERROR:  role "root" does not exist
ERROR:  role "root" does not exist
ERROR:  role "root" does not exist
ERROR:  role "root" does not exist
ERROR:  role "root" does not exist
ERROR:  role "root" does not exist
ERROR:  role "root" does not exist
ERROR:  role "root" does not exist
ERROR:  role "root" does not exist
ERROR:  role "root" does not exist
ERROR:  role "root" does not exist
ERROR:  role "root" does not exist
ERROR:  role "root" does not exist
ERROR:  role "root" does not exist
ERROR:  role "root" does not exist
ERROR:  role "root" does not exist
ERROR:  role "root" does not exist
ERROR:  role "root" does not exist
ERROR:  role "root" does not exist
ERROR:  role "root" does not exist
ERROR:  role "root" does not exist
ERROR:  role "root" does not exist
ERROR:  role "root" does not exist
ERROR:  role "root" does not exist
ERROR:  role "root" does not exist
ERROR:  role "root" does not exist
ERROR:  role "root" does not exist
ERROR:  role "root" does not exist
ERROR:  role "root" does not exist
ERROR:  role "root" does not exist
ERROR:  role "root" does not exist
ERROR:  role "root" does not exist
ERROR:  role "root" does not exist
ERROR:  role "root" does not exist
ERROR:  role "root" does not exist
ERROR:  role "root" does not exist
ERROR:  role "root" does not exist
ERROR:  role "root" does not exist
ERROR:  role "root" does not exist
ERROR:  role "root" does not exist
ERROR:  role "root" does not exist
ERROR:  role "root" does not exist
ERROR:  role "root" does not exist
ERROR:  role "root" does not exist
ERROR:  role "root" does not exist
ERROR:  role "root" does not exist
ERROR:  role "root" does not exist
ERROR:  role "root" does not exist
ERROR:  role "root" does not exist
ERROR:  role "root" does not exist
ERROR:  role "root" does not exist
ERROR:  role "root" does not exist
ERROR:  role "root" does not exist
ERROR:  role "root" does not exist
ERROR:  role "root" does not exist
ERROR:  role "root" does not exist
ERROR:  role "root" does not exist
ERROR:  role "root" does not exist
ERROR:  role "root" does not exist
ERROR:  role "root" does not exist
ERROR:  role "root" does not exist
ERROR:  role "root" does not exist
ERROR:  role "root" does not exist
ERROR:  role "root" does not exist
ERROR:  role "root" does not exist
ERROR:  role "root" does not exist
ERROR:  role "root" does not exist
ERROR:  role "root" does not exist
ERROR:  role "root" does not exist
ERROR:  role "root" does not exist
ERROR:  role "root" does not exist
ERROR:  relation "bnode_values" already exists
ERROR:  relation "datatype_values" already exists
ERROR:  relation "datetime_values" already exists
ERROR:  relation "geo_values" already exists
ERROR:  role "root" does not exist
ERROR:  role "root" does not exist
ERROR:  relation "hash_values" already exists
ERROR:  relation "label_values" already exists
ERROR:  relation "language_values" already exists
ERROR:  relation "long_label_values" already exists
ERROR:  relation "long_uri_values" already exists
ERROR:  relation "numeric_values" already exists
ERROR:  role "root" does not exist
ERROR:  relation "uri_values" already exists
ERROR:  column "strdfgeo" of relation "geo_values" does not exist
invalid command \.
ERROR:  syntax error at or near "1342178071"
LINE 1: 1342178071 0101000020E6100000204D5EA784813540B77DA6598D43434...
        ^
invalid command \.
ERROR:  syntax error at or near "public"
LINE 1: public geo_values strdfgeo 2 4326 POLYGON
        ^
invalid command \.
ERROR:  syntax error at or near "0"
LINE 1: 0 536870913 -2147483647 t
        ^
invalid command \.
ERROR:  syntax error at or near "0"
LINE 1: 0 536870913 1879048683 t
        ^
invalid command \.
ERROR:  syntax error at or near "0"
LINE 1: 0 536870913 504 t
        ^
invalid command \.
ERROR:  syntax error at or near "0"
LINE 1: 0 14854 1610613119 t
        ^
invalid command \.
ERROR:  syntax error at or near "0"
LINE 1: 0 1 1610612737 t
        ^
invalid command \.
ERROR:  syntax error at or near "0"
LINE 1: 0 1 1879048193 t
        ^
invalid command \.
ERROR:  syntax error at or near "1"
LINE 1: 1 116609410439524124
        ^
invalid command \.
ERROR:  syntax error at or near "0"
LINE 1: 0 523 1342177393 t
        ^
invalid command \.
ERROR:  syntax error at or near "0"
LINE 1: 0 1 1879048193 t
        ^
invalid command \.
ERROR:  syntax error at or near "0"
LINE 1: 0 523 1342177394 t
        ^
invalid command \.
ERROR:  syntax error at or near "0"
LINE 1: 0 523 1342177395 t
        ^
invalid command \.
ERROR:  syntax error at or near "0"
LINE 1: 0 15253 1879049009 t
        ^
invalid command \.
ERROR:  syntax error at or near "0"
LINE 1: 0 14854 1879048684 t
        ^
invalid command \.
ERROR:  syntax error at or near "0"
LINE 1: 0 15262 14854 t
        ^
invalid command \.
ERROR:  syntax error at or near "0"
LINE 1: 0 21127 21130 t
        ^
invalid command \.
ERROR:  syntax error at or near "0"
LINE 1: 0 14760 524 t
        ^
invalid command \.
ERROR:  syntax error at or near "0"
LINE 1: 0 536870913 1342177392 t
        ^
invalid command \.
ERROR:  syntax error at or near "0"
LINE 1: 0 536870913 1342177391 t
        ^
invalid command \.
ERROR:  syntax error at or near "0"
LINE 1: 0 523 525 t
        ^
invalid command \.
ERROR:  syntax error at or near "0"
LINE 1: 0 536870913 510 t
        ^
invalid command \.
ERROR:  syntax error at or near "0"
LINE 1: 0 523 805306369 t
        ^
ERROR:  syntax error at or near "805306384"
LINE 1: 805306384 Σχίνος
        ^
